<?xml version="1.0" encoding="UTF-8"?>
<testsuite name="TestSuite" time="3.837" tests="118" errors="0" skipped="0" failures="0">
  <properties>
    <property name="java.runtime.name" value="OpenJDK Runtime Environment"/>
    <property name="java.vm.version" value="11.0.4+10-b304.77"/>
    <property name="sun.boot.library.path" value="C:\Program Files\JetBrains\IntelliJ IDEA 2019.2.4\jbr\bin"/>
    <property name="maven.multiModuleProjectDirectory" value="C:\Users\daimon\Desktop\masa端st端 eski\TEAM1"/>
    <property name="java.vm.vendor" value="JetBrains s.r.o"/>
    <property name="java.vendor.url" value="https://www.jetbrains.com/"/>
    <property name="guice.disable.misplaced.annotation.check" value="true"/>
    <property name="path.separator" value=";"/>
    <property name="java.vm.name" value="OpenJDK 64-Bit Server VM"/>
    <property name="sun.os.patch.level" value=""/>
    <property name="user.script" value=""/>
    <property name="user.country" value="TR"/>
    <property name="sun.java.launcher" value="SUN_STANDARD"/>
    <property name="java.vm.specification.name" value="Java Virtual Machine Specification"/>
    <property name="user.dir" value="C:\Users\daimon\Desktop\masa端st端 eski\TEAM1"/>
    <property name="java.vm.compressedOopsMode" value="Zero based"/>
    <property name="java.runtime.version" value="11.0.4+10-b304.77"/>
    <property name="java.awt.graphicsenv" value="sun.awt.Win32GraphicsEnvironment"/>
    <property name="os.arch" value="amd64"/>
    <property name="java.io.tmpdir" value="C:\Users\daimon\AppData\Local\Temp\"/>
    <property name="line.separator" value="&#10;"/>
    <property name="java.vm.specification.vendor" value="Oracle Corporation"/>
    <property name="user.variant" value=""/>
    <property name="os.name" value="Windows 10"/>
    <property name="maven.ext.class.path" value="C:\Program Files\JetBrains\IntelliJ IDEA 2019.2.4\plugins\maven\lib\maven-event-listener.jar"/>
    <property name="classworlds.conf" value="C:\Program Files\JetBrains\IntelliJ IDEA 2019.2.4\plugins\maven\lib\maven3\bin\m2.conf"/>
    <property name="sun.jnu.encoding" value="Cp1254"/>
    <property name="java.library.path" value="C:\Program Files\JetBrains\IntelliJ IDEA 2019.2.4\jbr\bin;C:\WINDOWS\Sun\Java\bin;C:\WINDOWS\system32;C:\WINDOWS;C:\Program Files\NVIDIA GPU Computing Toolkit\CUDA\v9.0\bin;C:\Program Files\NVIDIA GPU Computing Toolkit\CUDA\v9.0\libnvvp;C:\Program Files\NVIDIA GPU Computing Toolkit\CUDA\v10.0\bin;C:\Program Files\NVIDIA GPU Computing Toolkit\CUDA\v10.0\libnvvp;C:\Program Files\NVIDIA GPU Computing Toolkit\CUDA\v10.2\bin;C:\Program Files\NVIDIA GPU Computing Toolkit\CUDA\v10.2\libnvvp;C:\Program Files (x86)\Common Files\Oracle\Java\javapath;;C:\Windows\system32;C:\Windows;C:\Windows\System32\Wbem;C:\Windows\System32\WindowsPowerShell\v1.0\;C:\Program Files (x86)\NVIDIA Corporation\PhysX\Common;C:\Program Files\NVIDIA Corporation\NVIDIA NvDLISR;C:\Program Files\Intel\WiFi\bin\;C:\Program Files\Common Files\Intel\WirelessCommon\;C:\Program Files (x86)\Intel\Intel(R) Management Engine Components\DAL;C:\Program Files\Intel\Intel(R) Management Engine Components\DAL;C:\WINDOWS\system32;C:\WINDOWS;C:\WINDOWS\System32\Wbem;C:\WINDOWS\System32\WindowsPowerShell\v1.0\;C:\WINDOWS\System32\OpenSSH\;C:\Program Files (x86)\Gpg4win\..\GnuPG\bin;C:\Program Files\Git\cmd;C:\WINDOWS\system32;C:\WINDOWS;C:\WINDOWS\System32\Wbem;C:\WINDOWS\System32\WindowsPowerShell\v1.0\;C:\WINDOWS\System32\OpenSSH\;C:\Program Files\TortoiseGit\bin;C:\HashiCorp\Vagrant\bin;C:\Program Files\nodejs\;C:\Program Files (x86)\Universal Extractor;C:\Program Files (x86)\Universal Extractor\bin;C:\Users\daimon\AppData\Local\Microsoft\WindowsApps;C:\Users\daimon\AppData\Local\Programs\Microsoft VS Code\bin;C:\Users\daimon\AppData\Roaming\npm;C:\ipfs;;."/>
    <property name="maven.conf" value="C:\Program Files\JetBrains\IntelliJ IDEA 2019.2.4\plugins\maven\lib\maven3/conf"/>
    <property name="jdk.debug" value="release"/>
    <property name="java.class.version" value="55.0"/>
    <property name="java.specification.name" value="Java Platform API Specification"/>
    <property name="sun.management.compiler" value="HotSpot 64-Bit Tiered Compilers"/>
    <property name="os.version" value="10.0"/>
    <property name="user.home" value="C:\Users\daimon"/>
    <property name="user.timezone" value="Asia/Istanbul"/>
    <property name="java.awt.printerjob" value="sun.awt.windows.WPrinterJob"/>
    <property name="file.encoding" value="UTF-8"/>
    <property name="java.specification.version" value="11"/>
    <property name="idea.version2019.2.4" value="true"/>
    <property name="user.name" value="daimon"/>
    <property name="java.class.path" value="C:\Program Files\JetBrains\IntelliJ IDEA 2019.2.4\plugins\maven\lib\maven3\boot\plexus-classworlds-2.6.0.jar"/>
    <property name="java.vm.specification.version" value="11"/>
    <property name="sun.arch.data.model" value="64"/>
    <property name="sun.java.command" value="org.codehaus.classworlds.Launcher -Didea.version2019.2.4 clean verify"/>
    <property name="java.home" value="C:\Program Files\JetBrains\IntelliJ IDEA 2019.2.4\jbr"/>
    <property name="user.language" value="tr"/>
    <property name="java.specification.vendor" value="Oracle Corporation"/>
    <property name="awt.toolkit" value="sun.awt.windows.WToolkit"/>
    <property name="java.vm.info" value="mixed mode, sharing"/>
    <property name="java.version" value="11.0.4"/>
    <property name="java.vendor" value="JetBrains s.r.o"/>
    <property name="maven.home" value="C:\Program Files\JetBrains\IntelliJ IDEA 2019.2.4\plugins\maven\lib\maven3"/>
    <property name="file.separator" value="\"/>
    <property name="java.version.date" value="2019-07-16"/>
    <property name="java.vendor.url.bug" value="https://youtrack.jetbrains.com"/>
    <property name="sun.io.unicode.encoding" value="UnicodeLittle"/>
    <property name="sun.cpu.endian" value="little"/>
    <property name="sun.desktop" value="windows"/>
    <property name="sun.cpu.isalist" value="amd64"/>
  </properties>
  <testcase name="ara" classname="com.team1.animalproject.integrationtest.AnimalRepositoryIT" time="0.901"/>
  <testcase name="delete" classname="com.team1.animalproject.integrationtest.AnimalRepositoryIT" time="0.089"/>
  <testcase name="findByIdIn" classname="com.team1.animalproject.integrationtest.AnimalRepositoryIT" time="0.071"/>
  <testcase name="getAll" classname="com.team1.animalproject.integrationtest.AnimalRepositoryIT" time="0.048"/>
  <testcase name="save" classname="com.team1.animalproject.integrationtest.AnimalRepositoryIT" time="0.018"/>
  <testcase name="sonYediGunIcinEklenenHayvanVerileriniGetir" classname="com.team1.animalproject.integrationtest.AnimalRepositoryIT" time="0.069"/>
  <testcase name="update" classname="com.team1.animalproject.integrationtest.AnimalRepositoryIT" time="0.032"/>
  <testcase name="delete" classname="com.team1.animalproject.integrationtest.BagisRepositoryIT" time="0.04"/>
  <testcase name="findById" classname="com.team1.animalproject.integrationtest.BagisRepositoryIT" time="0.02"/>
  <testcase name="getAll" classname="com.team1.animalproject.integrationtest.BagisRepositoryIT" time="0.032"/>
  <testcase name="save" classname="com.team1.animalproject.integrationtest.BagisRepositoryIT" time="0.015"/>
  <testcase name="update" classname="com.team1.animalproject.integrationtest.BagisRepositoryIT" time="0.025"/>
  <testcase name="ara" classname="com.team1.animalproject.integrationtest.CinsRepositoryIT" time="0.058"/>
  <testcase name="delete" classname="com.team1.animalproject.integrationtest.CinsRepositoryIT" time="0.018"/>
  <testcase name="findById" classname="com.team1.animalproject.integrationtest.CinsRepositoryIT" time="0.01"/>
  <testcase name="getAll" classname="com.team1.animalproject.integrationtest.CinsRepositoryIT" time="0.037"/>
  <testcase name="save" classname="com.team1.animalproject.integrationtest.CinsRepositoryIT" time="0.015"/>
  <testcase name="update" classname="com.team1.animalproject.integrationtest.CinsRepositoryIT" time="0.017"/>
  <testcase name="delete" classname="com.team1.animalproject.integrationtest.GercekKisiRepositoryIT" time="0.026"/>
  <testcase name="findById" classname="com.team1.animalproject.integrationtest.GercekKisiRepositoryIT" time="0.013"/>
  <testcase name="findByKimlikNo" classname="com.team1.animalproject.integrationtest.GercekKisiRepositoryIT" time="0.012"/>
  <testcase name="getAll" classname="com.team1.animalproject.integrationtest.GercekKisiRepositoryIT" time="0.031"/>
  <testcase name="save" classname="com.team1.animalproject.integrationtest.GercekKisiRepositoryIT" time="0.011"/>
  <testcase name="update" classname="com.team1.animalproject.integrationtest.GercekKisiRepositoryIT" time="0.013"/>
  <testcase name="ara" classname="com.team1.animalproject.integrationtest.IlacRepositoryIT" time="0.028"/>
  <testcase name="delete" classname="com.team1.animalproject.integrationtest.IlacRepositoryIT" time="0.017"/>
  <testcase name="findById" classname="com.team1.animalproject.integrationtest.IlacRepositoryIT" time="0.009"/>
  <testcase name="getAll" classname="com.team1.animalproject.integrationtest.IlacRepositoryIT" time="0.023"/>
  <testcase name="save" classname="com.team1.animalproject.integrationtest.IlacRepositoryIT" time="0.013"/>
  <testcase name="update" classname="com.team1.animalproject.integrationtest.IlacRepositoryIT" time="0.02"/>
  <testcase name="delete" classname="com.team1.animalproject.integrationtest.IpfsIDRepositoryIT" time="0.029"/>
  <testcase name="findById" classname="com.team1.animalproject.integrationtest.IpfsIDRepositoryIT" time="0.014"/>
  <testcase name="getAll" classname="com.team1.animalproject.integrationtest.IpfsIDRepositoryIT" time="0.034"/>
  <testcase name="save" classname="com.team1.animalproject.integrationtest.IpfsIDRepositoryIT" time="0.011"/>
  <testcase name="update" classname="com.team1.animalproject.integrationtest.IpfsIDRepositoryIT" time="0.027"/>
  <testcase name="delete" classname="com.team1.animalproject.integrationtest.KullaniciRolRepositoryIT" time="0.028"/>
  <testcase name="findById" classname="com.team1.animalproject.integrationtest.KullaniciRolRepositoryIT" time="0.012"/>
  <testcase name="getAll" classname="com.team1.animalproject.integrationtest.KullaniciRolRepositoryIT" time="0.029"/>
  <testcase name="save" classname="com.team1.animalproject.integrationtest.KullaniciRolRepositoryIT" time="0.012"/>
  <testcase name="update" classname="com.team1.animalproject.integrationtest.KullaniciRolRepositoryIT" time="0.014"/>
  <testcase name="delete" classname="com.team1.animalproject.integrationtest.PetShopAnimalRepositoryIT" time="0.021"/>
  <testcase name="findById" classname="com.team1.animalproject.integrationtest.PetShopAnimalRepositoryIT" time="0.011"/>
  <testcase name="getAll" classname="com.team1.animalproject.integrationtest.PetShopAnimalRepositoryIT" time="0.027"/>
  <testcase name="save" classname="com.team1.animalproject.integrationtest.PetShopAnimalRepositoryIT" time="0.013"/>
  <testcase name="update" classname="com.team1.animalproject.integrationtest.PetShopAnimalRepositoryIT" time="0.019"/>
  <testcase name="delete" classname="com.team1.animalproject.integrationtest.PetShopRepositoryIT" time="0.03"/>
  <testcase name="findById" classname="com.team1.animalproject.integrationtest.PetShopRepositoryIT" time="0.011"/>
  <testcase name="getAll" classname="com.team1.animalproject.integrationtest.PetShopRepositoryIT" time="0.028"/>
  <testcase name="save" classname="com.team1.animalproject.integrationtest.PetShopRepositoryIT" time="0.012"/>
  <testcase name="update" classname="com.team1.animalproject.integrationtest.PetShopRepositoryIT" time="0.019"/>
  <testcase name="delete" classname="com.team1.animalproject.integrationtest.PetShopWorkerRepositoryIT" time="0.031"/>
  <testcase name="findById" classname="com.team1.animalproject.integrationtest.PetShopWorkerRepositoryIT" time="0.014"/>
  <testcase name="getAll" classname="com.team1.animalproject.integrationtest.PetShopWorkerRepositoryIT" time="0.03"/>
  <testcase name="save" classname="com.team1.animalproject.integrationtest.PetShopWorkerRepositoryIT" time="0.015"/>
  <testcase name="update" classname="com.team1.animalproject.integrationtest.PetShopWorkerRepositoryIT" time="0.018"/>
  <testcase name="delete" classname="com.team1.animalproject.integrationtest.RolRepositoryIT" time="0.021"/>
  <testcase name="findById" classname="com.team1.animalproject.integrationtest.RolRepositoryIT" time="0.01"/>
  <testcase name="getAll" classname="com.team1.animalproject.integrationtest.RolRepositoryIT" time="0.02"/>
  <testcase name="save" classname="com.team1.animalproject.integrationtest.RolRepositoryIT" time="0.013"/>
  <testcase name="update" classname="com.team1.animalproject.integrationtest.RolRepositoryIT" time="0.015"/>
  <testcase name="delete" classname="com.team1.animalproject.integrationtest.RolYetkiRepositoryIT" time="0.02"/>
  <testcase name="findById" classname="com.team1.animalproject.integrationtest.RolYetkiRepositoryIT" time="0.009"/>
  <testcase name="getAll" classname="com.team1.animalproject.integrationtest.RolYetkiRepositoryIT" time="0.02"/>
  <testcase name="save" classname="com.team1.animalproject.integrationtest.RolYetkiRepositoryIT" time="0.009"/>
  <testcase name="update" classname="com.team1.animalproject.integrationtest.RolYetkiRepositoryIT" time="0.015"/>
  <testcase name="delete" classname="com.team1.animalproject.integrationtest.ShelterAnimalRepositoryIT" time="0.018"/>
  <testcase name="findById" classname="com.team1.animalproject.integrationtest.ShelterAnimalRepositoryIT" time="0.01"/>
  <testcase name="getAll" classname="com.team1.animalproject.integrationtest.ShelterAnimalRepositoryIT" time="0.019"/>
  <testcase name="save" classname="com.team1.animalproject.integrationtest.ShelterAnimalRepositoryIT" time="0.009"/>
  <testcase name="update" classname="com.team1.animalproject.integrationtest.ShelterAnimalRepositoryIT" time="0.014"/>
  <testcase name="delete" classname="com.team1.animalproject.integrationtest.ShelterRepositoryIT" time="0.022"/>
  <testcase name="findById" classname="com.team1.animalproject.integrationtest.ShelterRepositoryIT" time="0.011"/>
  <testcase name="getAll" classname="com.team1.animalproject.integrationtest.ShelterRepositoryIT" time="0.026"/>
  <testcase name="save" classname="com.team1.animalproject.integrationtest.ShelterRepositoryIT" time="0.007"/>
  <testcase name="update" classname="com.team1.animalproject.integrationtest.ShelterRepositoryIT" time="0.016"/>
  <testcase name="delete" classname="com.team1.animalproject.integrationtest.ShelterWorkerRepositoryIT" time="0.023"/>
  <testcase name="findById" classname="com.team1.animalproject.integrationtest.ShelterWorkerRepositoryIT" time="0.011"/>
  <testcase name="getAll" classname="com.team1.animalproject.integrationtest.ShelterWorkerRepositoryIT" time="0.029"/>
  <testcase name="save" classname="com.team1.animalproject.integrationtest.ShelterWorkerRepositoryIT" time="0.022"/>
  <testcase name="update" classname="com.team1.animalproject.integrationtest.ShelterWorkerRepositoryIT" time="0.024"/>
  <testcase name="ara" classname="com.team1.animalproject.integrationtest.TurRepositoryIT" time="0.024"/>
  <testcase name="getAll" classname="com.team1.animalproject.integrationtest.TurRepositoryIT" time="0.044"/>
  <testcase name="save" classname="com.team1.animalproject.integrationtest.TurRepositoryIT" time="0.014"/>
  <testcase name="delete" classname="com.team1.animalproject.integrationtest.UserRepositoryIT" time="0.028"/>
  <testcase name="findById" classname="com.team1.animalproject.integrationtest.UserRepositoryIT" time="0.011"/>
  <testcase name="getAll" classname="com.team1.animalproject.integrationtest.UserRepositoryIT" time="0.023"/>
  <testcase name="save" classname="com.team1.animalproject.integrationtest.UserRepositoryIT" time="0.011"/>
  <testcase name="update" classname="com.team1.animalproject.integrationtest.UserRepositoryIT" time="0.016"/>
  <testcase name="delete" classname="com.team1.animalproject.integrationtest.VetRepositoryIT" time="0.024"/>
  <testcase name="findById" classname="com.team1.animalproject.integrationtest.VetRepositoryIT" time="0.009"/>
  <testcase name="getAll" classname="com.team1.animalproject.integrationtest.VetRepositoryIT" time="0.025"/>
  <testcase name="save" classname="com.team1.animalproject.integrationtest.VetRepositoryIT" time="0.009"/>
  <testcase name="update" classname="com.team1.animalproject.integrationtest.VetRepositoryIT" time="0.015"/>
  <testcase name="delete" classname="com.team1.animalproject.integrationtest.YetkiRepositoryIT" time="0.015"/>
  <testcase name="findById" classname="com.team1.animalproject.integrationtest.YetkiRepositoryIT" time="0.008"/>
  <testcase name="getAll" classname="com.team1.animalproject.integrationtest.YetkiRepositoryIT" time="0.017"/>
  <testcase name="save" classname="com.team1.animalproject.integrationtest.YetkiRepositoryIT" time="0.008"/>
  <testcase name="update" classname="com.team1.animalproject.integrationtest.YetkiRepositoryIT" time="0.013"/>
  <testcase name="delete" classname="com.team1.animalproject.integrationtest.ZooAnimalRepositoryIT" time="0.023"/>
  <testcase name="findById" classname="com.team1.animalproject.integrationtest.ZooAnimalRepositoryIT" time="0.009"/>
  <testcase name="getAll" classname="com.team1.animalproject.integrationtest.ZooAnimalRepositoryIT" time="0.017"/>
  <testcase name="save" classname="com.team1.animalproject.integrationtest.ZooAnimalRepositoryIT" time="0.01"/>
  <testcase name="update" classname="com.team1.animalproject.integrationtest.ZooAnimalRepositoryIT" time="0.015"/>
  <testcase name="delete" classname="com.team1.animalproject.integrationtest.ZooRepositoryIT" time="0.018"/>
  <testcase name="findById" classname="com.team1.animalproject.integrationtest.ZooRepositoryIT" time="0.007"/>
  <testcase name="getAll" classname="com.team1.animalproject.integrationtest.ZooRepositoryIT" time="0.026"/>
  <testcase name="save" classname="com.team1.animalproject.integrationtest.ZooRepositoryIT" time="0.008"/>
  <testcase name="update" classname="com.team1.animalproject.integrationtest.ZooRepositoryIT" time="0.013"/>
  <testcase name="delete" classname="com.team1.animalproject.integrationtest.ZooWorkerRepositoryIT" time="0.02"/>
  <testcase name="findById" classname="com.team1.animalproject.integrationtest.ZooWorkerRepositoryIT" time="0.009"/>
  <testcase name="getAll" classname="com.team1.animalproject.integrationtest.ZooWorkerRepositoryIT" time="0.019"/>
  <testcase name="save" classname="com.team1.animalproject.integrationtest.ZooWorkerRepositoryIT" time="0.011"/>
  <testcase name="update" classname="com.team1.animalproject.integrationtest.ZooWorkerRepositoryIT" time="0.017"/>
  <testcase name="girisYap" classname="com.team1.animalproject.scenariotest.ScenarioIT" time="0.543"/>
  <testcase name="kayitIslemiBasariliMi" classname="com.team1.animalproject.scenariotest.ScenarioIT" time="0.005"/>
  <testcase name="setUp" classname="com.team1.animalproject.scenariotest.ScenarioIT" time="0.095"/>
  <testcase name="userDoldur" classname="com.team1.animalproject.scenariotest.ScenarioIT" time="0.002"/>
  <testcase name="userKaydet" classname="com.team1.animalproject.scenariotest.ScenarioIT" time="0.003"/>
</testsuite>