<?xml version="1.0" encoding="UTF-8"?>
<!-- Generated by org.testng.reporters.JUnitReportReporter -->
<testsuite hostname="DESKTOP-9D018LT" failures="0" tests="6" name="com.team1.animalproject.integrationtest.IlacRepositoryIT" time="0.128" errors="0" timestamp="2020-04-07T19:56:35 EET" skipped="0">
  <testcase classname="com.team1.animalproject.integrationtest.IlacRepositoryIT" name="ara" time="0.031"/>
  <system-out/>
  <testcase classname="com.team1.animalproject.integrationtest.IlacRepositoryIT" name="delete" time="0.021"/>
  <system-out/>
  <testcase classname="com.team1.animalproject.integrationtest.IlacRepositoryIT" name="save" time="0.015"/>
  <system-out/>
  <testcase classname="com.team1.animalproject.integrationtest.IlacRepositoryIT" name="findById" time="0.012"/>
  <system-out/>
  <testcase classname="com.team1.animalproject.integrationtest.IlacRepositoryIT" name="getAll" time="0.025"/>
  <system-out/>
  <testcase classname="com.team1.animalproject.integrationtest.IlacRepositoryIT" name="update" time="0.024"/>
  <system-out/>
</testsuite> <!-- com.team1.animalproject.integrationtest.IlacRepositoryIT -->
