<?xml version="1.0" encoding="UTF-8"?>
<!-- Generated by org.testng.reporters.JUnitReportReporter -->
<testsuite hostname="DESKTOP-9D018LT" failures="0" tests="5" name="com.team1.animalproject.integrationtest.VetRepositoryIT" time="0.097" errors="0" timestamp="2020-04-07T19:56:35 EET" skipped="0">
  <testcase classname="com.team1.animalproject.integrationtest.VetRepositoryIT" name="findById" time="0.014"/>
  <system-out/>
  <testcase classname="com.team1.animalproject.integrationtest.VetRepositoryIT" name="update" time="0.016"/>
  <system-out/>
  <testcase classname="com.team1.animalproject.integrationtest.VetRepositoryIT" name="delete" time="0.029"/>
  <system-out/>
  <testcase classname="com.team1.animalproject.integrationtest.VetRepositoryIT" name="save" time="0.012"/>
  <system-out/>
  <testcase classname="com.team1.animalproject.integrationtest.VetRepositoryIT" name="getAll" time="0.026"/>
  <system-out/>
</testsuite> <!-- com.team1.animalproject.integrationtest.VetRepositoryIT -->
