<?xml version="1.0" encoding="UTF-8"?>
<!-- Generated by org.testng.reporters.JUnitReportReporter -->
<testsuite hostname="DESKTOP-9D018LT" failures="0" tests="3" name="com.team1.animalproject.integrationtest.TurRepositoryIT" time="0.088" errors="0" timestamp="2020-04-07T19:56:35 EET" skipped="0">
  <testcase classname="com.team1.animalproject.integrationtest.TurRepositoryIT" name="save" time="0.017"/>
  <system-out/>
  <testcase classname="com.team1.animalproject.integrationtest.TurRepositoryIT" name="ara" time="0.026"/>
  <system-out/>
  <testcase classname="com.team1.animalproject.integrationtest.TurRepositoryIT" name="getAll" time="0.045"/>
  <system-out/>
</testsuite> <!-- com.team1.animalproject.integrationtest.TurRepositoryIT -->
