<?xml version="1.0" encoding="UTF-8"?>
<!-- Generated by org.testng.reporters.JUnitReportReporter -->
<testsuite hostname="DESKTOP-9D018LT" failures="0" tests="5" name="com.team1.animalproject.integrationtest.KullaniciRolRepositoryIT" time="0.107" errors="0" timestamp="2020-04-07T19:56:35 EET" skipped="0">
  <testcase classname="com.team1.animalproject.integrationtest.KullaniciRolRepositoryIT" name="findById" time="0.016"/>
  <system-out/>
  <testcase classname="com.team1.animalproject.integrationtest.KullaniciRolRepositoryIT" name="getAll" time="0.031"/>
  <system-out/>
  <testcase classname="com.team1.animalproject.integrationtest.KullaniciRolRepositoryIT" name="save" time="0.014"/>
  <system-out/>
  <testcase classname="com.team1.animalproject.integrationtest.KullaniciRolRepositoryIT" name="update" time="0.016"/>
  <system-out/>
  <testcase classname="com.team1.animalproject.integrationtest.KullaniciRolRepositoryIT" name="delete" time="0.030"/>
  <system-out/>
</testsuite> <!-- com.team1.animalproject.integrationtest.KullaniciRolRepositoryIT -->
