<?xml version="1.0" encoding="UTF-8"?>
<!-- Generated by org.testng.reporters.JUnitReportReporter -->
<testsuite hostname="DESKTOP-9D018LT" failures="0" tests="5" name="com.team1.animalproject.scenariotest.ScenarioIT" time="0.644" errors="0" timestamp="2020-04-07T19:56:35 EET" skipped="0">
  <testcase classname="com.team1.animalproject.scenariotest.ScenarioIT" name="userKaydet" time="0.003"/>
  <system-out/>
  <testcase classname="com.team1.animalproject.scenariotest.ScenarioIT" name="userDoldur" time="0.002"/>
  <system-out/>
  <testcase classname="com.team1.animalproject.scenariotest.ScenarioIT" name="setUp" time="0.095"/>
  <system-out/>
  <testcase classname="com.team1.animalproject.scenariotest.ScenarioIT" name="girisYap" time="0.542"/>
  <system-out/>
  <testcase classname="com.team1.animalproject.scenariotest.ScenarioIT" name="kayitIslemiBasariliMi" time="0.002"/>
  <system-out/>
</testsuite> <!-- com.team1.animalproject.scenariotest.ScenarioIT -->
