<?xml version="1.0" encoding="UTF-8"?>
<!-- Generated by org.testng.reporters.JUnitReportReporter -->
<testsuite hostname="DESKTOP-9D018LT" failures="0" tests="6" name="com.team1.animalproject.integrationtest.GercekKisiRepositoryIT" time="0.119" errors="0" timestamp="2020-04-07T19:56:35 EET" skipped="0">
  <testcase classname="com.team1.animalproject.integrationtest.GercekKisiRepositoryIT" name="update" time="0.015"/>
  <system-out/>
  <testcase classname="com.team1.animalproject.integrationtest.GercekKisiRepositoryIT" name="save" time="0.013"/>
  <system-out/>
  <testcase classname="com.team1.animalproject.integrationtest.GercekKisiRepositoryIT" name="getAll" time="0.033"/>
  <system-out/>
  <testcase classname="com.team1.animalproject.integrationtest.GercekKisiRepositoryIT" name="delete" time="0.028"/>
  <system-out/>
  <testcase classname="com.team1.animalproject.integrationtest.GercekKisiRepositoryIT" name="findByKimlikNo" time="0.016"/>
  <system-out/>
  <testcase classname="com.team1.animalproject.integrationtest.GercekKisiRepositoryIT" name="findById" time="0.014"/>
  <system-out/>
</testsuite> <!-- com.team1.animalproject.integrationtest.GercekKisiRepositoryIT -->
