<?xml version="1.0" encoding="UTF-8"?>
<!-- Generated by org.testng.reporters.JUnitReportReporter -->
<testsuite hostname="DESKTOP-9D018LT" failures="0" tests="5" name="com.team1.animalproject.integrationtest.YetkiRepositoryIT" time="0.070" errors="0" timestamp="2020-04-07T19:56:35 EET" skipped="0">
  <testcase classname="com.team1.animalproject.integrationtest.YetkiRepositoryIT" name="getAll" time="0.020"/>
  <system-out/>
  <testcase classname="com.team1.animalproject.integrationtest.YetkiRepositoryIT" name="findById" time="0.009"/>
  <system-out/>
  <testcase classname="com.team1.animalproject.integrationtest.YetkiRepositoryIT" name="update" time="0.014"/>
  <system-out/>
  <testcase classname="com.team1.animalproject.integrationtest.YetkiRepositoryIT" name="delete" time="0.016"/>
  <system-out/>
  <testcase classname="com.team1.animalproject.integrationtest.YetkiRepositoryIT" name="save" time="0.011"/>
  <system-out/>
</testsuite> <!-- com.team1.animalproject.integrationtest.YetkiRepositoryIT -->
