<?xml version="1.0" encoding="UTF-8"?>
<!-- Generated by org.testng.reporters.JUnitReportReporter -->
<testsuite hostname="DESKTOP-9D018LT" failures="0" tests="5" name="com.team1.animalproject.integrationtest.ZooRepositoryIT" time="0.087" errors="0" timestamp="2020-04-07T19:56:35 EET" skipped="0">
  <testcase classname="com.team1.animalproject.integrationtest.ZooRepositoryIT" name="update" time="0.016"/>
  <system-out/>
  <testcase classname="com.team1.animalproject.integrationtest.ZooRepositoryIT" name="delete" time="0.019"/>
  <system-out/>
  <testcase classname="com.team1.animalproject.integrationtest.ZooRepositoryIT" name="getAll" time="0.029"/>
  <system-out/>
  <testcase classname="com.team1.animalproject.integrationtest.ZooRepositoryIT" name="findById" time="0.010"/>
  <system-out/>
  <testcase classname="com.team1.animalproject.integrationtest.ZooRepositoryIT" name="save" time="0.013"/>
  <system-out/>
</testsuite> <!-- com.team1.animalproject.integrationtest.ZooRepositoryIT -->
