<?xml version="1.0" encoding="UTF-8"?>
<!-- Generated by org.testng.reporters.JUnitReportReporter -->
<testsuite hostname="DESKTOP-9D018LT" failures="0" tests="5" name="com.team1.animalproject.integrationtest.ZooAnimalRepositoryIT" time="0.085" errors="0" timestamp="2020-04-07T19:56:35 EET" skipped="0">
  <testcase classname="com.team1.animalproject.integrationtest.ZooAnimalRepositoryIT" name="findById" time="0.011"/>
  <system-out/>
  <testcase classname="com.team1.animalproject.integrationtest.ZooAnimalRepositoryIT" name="delete" time="0.025"/>
  <system-out/>
  <testcase classname="com.team1.animalproject.integrationtest.ZooAnimalRepositoryIT" name="getAll" time="0.019"/>
  <system-out/>
  <testcase classname="com.team1.animalproject.integrationtest.ZooAnimalRepositoryIT" name="update" time="0.018"/>
  <system-out/>
  <testcase classname="com.team1.animalproject.integrationtest.ZooAnimalRepositoryIT" name="save" time="0.012"/>
  <system-out/>
</testsuite> <!-- com.team1.animalproject.integrationtest.ZooAnimalRepositoryIT -->
