<?xml version="1.0" encoding="UTF-8"?>
<!-- Generated by org.testng.reporters.JUnitReportReporter -->
<testsuite hostname="DESKTOP-9D018LT" failures="0" tests="5" name="com.team1.animalproject.integrationtest.ShelterRepositoryIT" time="0.099" errors="0" timestamp="2020-04-07T19:56:35 EET" skipped="0">
  <testcase classname="com.team1.animalproject.integrationtest.ShelterRepositoryIT" name="delete" time="0.029"/>
  <system-out/>
  <testcase classname="com.team1.animalproject.integrationtest.ShelterRepositoryIT" name="getAll" time="0.030"/>
  <system-out/>
  <testcase classname="com.team1.animalproject.integrationtest.ShelterRepositoryIT" name="save" time="0.008"/>
  <system-out/>
  <testcase classname="com.team1.animalproject.integrationtest.ShelterRepositoryIT" name="findById" time="0.013"/>
  <system-out/>
  <testcase classname="com.team1.animalproject.integrationtest.ShelterRepositoryIT" name="update" time="0.019"/>
  <system-out/>
</testsuite> <!-- com.team1.animalproject.integrationtest.ShelterRepositoryIT -->
