<?xml version="1.0" encoding="UTF-8"?>
<!-- Generated by org.testng.reporters.JUnitReportReporter -->
<testsuite hostname="DESKTOP-9D018LT" failures="0" tests="5" name="com.team1.animalproject.integrationtest.ZooWorkerRepositoryIT" time="0.084" errors="0" timestamp="2020-04-07T19:56:35 EET" skipped="0">
  <testcase classname="com.team1.animalproject.integrationtest.ZooWorkerRepositoryIT" name="getAll" time="0.020"/>
  <system-out/>
  <testcase classname="com.team1.animalproject.integrationtest.ZooWorkerRepositoryIT" name="findById" time="0.012"/>
  <system-out/>
  <testcase classname="com.team1.animalproject.integrationtest.ZooWorkerRepositoryIT" name="delete" time="0.022"/>
  <system-out/>
  <testcase classname="com.team1.animalproject.integrationtest.ZooWorkerRepositoryIT" name="update" time="0.018"/>
  <system-out/>
  <testcase classname="com.team1.animalproject.integrationtest.ZooWorkerRepositoryIT" name="save" time="0.012"/>
  <system-out/>
</testsuite> <!-- com.team1.animalproject.integrationtest.ZooWorkerRepositoryIT -->
