<?xml version="1.0" encoding="UTF-8"?>
<!-- Generated by org.testng.reporters.JUnitReportReporter -->
<testsuite hostname="DESKTOP-9D018LT" failures="0" tests="5" name="com.team1.animalproject.integrationtest.PetShopRepositoryIT" time="0.110" errors="0" timestamp="2020-04-07T19:56:35 EET" skipped="0">
  <testcase classname="com.team1.animalproject.integrationtest.PetShopRepositoryIT" name="findById" time="0.015"/>
  <system-out/>
  <testcase classname="com.team1.animalproject.integrationtest.PetShopRepositoryIT" name="save" time="0.013"/>
  <system-out/>
  <testcase classname="com.team1.animalproject.integrationtest.PetShopRepositoryIT" name="delete" time="0.033"/>
  <system-out/>
  <testcase classname="com.team1.animalproject.integrationtest.PetShopRepositoryIT" name="update" time="0.020"/>
  <system-out/>
  <testcase classname="com.team1.animalproject.integrationtest.PetShopRepositoryIT" name="getAll" time="0.029"/>
  <system-out/>
</testsuite> <!-- com.team1.animalproject.integrationtest.PetShopRepositoryIT -->
