<?xml version="1.0" encoding="UTF-8"?>
<!-- Generated by org.testng.reporters.JUnitReportReporter -->
<testsuite hostname="DESKTOP-9D018LT" failures="0" tests="5" name="com.team1.animalproject.integrationtest.IpfsIDRepositoryIT" time="0.123" errors="0" timestamp="2020-04-07T19:56:35 EET" skipped="0">
  <testcase classname="com.team1.animalproject.integrationtest.IpfsIDRepositoryIT" name="findById" time="0.017"/>
  <system-out/>
  <testcase classname="com.team1.animalproject.integrationtest.IpfsIDRepositoryIT" name="update" time="0.030"/>
  <system-out/>
  <testcase classname="com.team1.animalproject.integrationtest.IpfsIDRepositoryIT" name="getAll" time="0.035"/>
  <system-out/>
  <testcase classname="com.team1.animalproject.integrationtest.IpfsIDRepositoryIT" name="delete" time="0.025"/>
  <system-out/>
  <testcase classname="com.team1.animalproject.integrationtest.IpfsIDRepositoryIT" name="save" time="0.016"/>
  <system-out/>
</testsuite> <!-- com.team1.animalproject.integrationtest.IpfsIDRepositoryIT -->
