<?xml version="1.0" encoding="UTF-8"?>
<!-- Generated by org.testng.reporters.JUnitReportReporter -->
<testsuite hostname="DESKTOP-9D018LT" failures="0" tests="5" name="com.team1.animalproject.integrationtest.UserRepositoryIT" time="0.096" errors="0" timestamp="2020-04-07T19:56:35 EET" skipped="0">
  <testcase classname="com.team1.animalproject.integrationtest.UserRepositoryIT" name="findById" time="0.015"/>
  <system-out/>
  <testcase classname="com.team1.animalproject.integrationtest.UserRepositoryIT" name="save" time="0.013"/>
  <system-out/>
  <testcase classname="com.team1.animalproject.integrationtest.UserRepositoryIT" name="delete" time="0.028"/>
  <system-out/>
  <testcase classname="com.team1.animalproject.integrationtest.UserRepositoryIT" name="update" time="0.017"/>
  <system-out/>
  <testcase classname="com.team1.animalproject.integrationtest.UserRepositoryIT" name="getAll" time="0.023"/>
  <system-out/>
</testsuite> <!-- com.team1.animalproject.integrationtest.UserRepositoryIT -->
