<?xml version="1.0" encoding="UTF-8"?>
<!-- Generated by org.testng.reporters.JUnitReportReporter -->
<testsuite hostname="DESKTOP-9D018LT" failures="0" tests="5" name="com.team1.animalproject.integrationtest.PetShopAnimalRepositoryIT" time="0.104" errors="0" timestamp="2020-04-07T19:56:35 EET" skipped="0">
  <testcase classname="com.team1.animalproject.integrationtest.PetShopAnimalRepositoryIT" name="findById" time="0.016"/>
  <system-out/>
  <testcase classname="com.team1.animalproject.integrationtest.PetShopAnimalRepositoryIT" name="save" time="0.015"/>
  <system-out/>
  <testcase classname="com.team1.animalproject.integrationtest.PetShopAnimalRepositoryIT" name="update" time="0.019"/>
  <system-out/>
  <testcase classname="com.team1.animalproject.integrationtest.PetShopAnimalRepositoryIT" name="delete" time="0.024"/>
  <system-out/>
  <testcase classname="com.team1.animalproject.integrationtest.PetShopAnimalRepositoryIT" name="getAll" time="0.030"/>
  <system-out/>
</testsuite> <!-- com.team1.animalproject.integrationtest.PetShopAnimalRepositoryIT -->
