<?xml version="1.0" encoding="UTF-8"?>
<!-- Generated by org.testng.reporters.JUnitReportReporter -->
<testsuite hostname="DESKTOP-9D018LT" failures="0" tests="7" name="com.team1.animalproject.integrationtest.AnimalRepositoryIT" time="1.262" errors="0" timestamp="2020-04-07T19:56:35 EET" skipped="0">
  <testcase classname="com.team1.animalproject.integrationtest.AnimalRepositoryIT" name="save" time="0.022"/>
  <system-out/>
  <testcase classname="com.team1.animalproject.integrationtest.AnimalRepositoryIT" name="ara" time="0.902"/>
  <system-out/>
  <testcase classname="com.team1.animalproject.integrationtest.AnimalRepositoryIT" name="findByIdIn" time="0.089"/>
  <system-out/>
  <testcase classname="com.team1.animalproject.integrationtest.AnimalRepositoryIT" name="sonYediGunIcinEklenenHayvanVerileriniGetir" time="0.072"/>
  <system-out/>
  <testcase classname="com.team1.animalproject.integrationtest.AnimalRepositoryIT" name="getAll" time="0.051"/>
  <system-out/>
  <testcase classname="com.team1.animalproject.integrationtest.AnimalRepositoryIT" name="update" time="0.032"/>
  <system-out/>
  <testcase classname="com.team1.animalproject.integrationtest.AnimalRepositoryIT" name="delete" time="0.094"/>
  <system-out/>
</testsuite> <!-- com.team1.animalproject.integrationtest.AnimalRepositoryIT -->
