<?xml version="1.0" encoding="UTF-8"?>
<!-- Generated by org.testng.reporters.JUnitReportReporter -->
<testsuite hostname="DESKTOP-9D018LT" failures="0" tests="6" name="com.team1.animalproject.integrationtest.CinsRepositoryIT" time="0.171" errors="0" timestamp="2020-04-07T19:56:35 EET" skipped="0">
  <testcase classname="com.team1.animalproject.integrationtest.CinsRepositoryIT" name="delete" time="0.022"/>
  <system-out/>
  <testcase classname="com.team1.animalproject.integrationtest.CinsRepositoryIT" name="ara" time="0.060"/>
  <system-out/>
  <testcase classname="com.team1.animalproject.integrationtest.CinsRepositoryIT" name="save" time="0.015"/>
  <system-out/>
  <testcase classname="com.team1.animalproject.integrationtest.CinsRepositoryIT" name="update" time="0.022"/>
  <system-out/>
  <testcase classname="com.team1.animalproject.integrationtest.CinsRepositoryIT" name="getAll" time="0.038"/>
  <system-out/>
  <testcase classname="com.team1.animalproject.integrationtest.CinsRepositoryIT" name="findById" time="0.014"/>
  <system-out/>
</testsuite> <!-- com.team1.animalproject.integrationtest.CinsRepositoryIT -->
