<?xml version="1.0" encoding="UTF-8"?>
<!-- Generated by org.testng.reporters.JUnitReportReporter -->
<testsuite hostname="DESKTOP-9D018LT" failures="0" tests="5" name="com.team1.animalproject.integrationtest.RolYetkiRepositoryIT" time="0.082" errors="0" timestamp="2020-04-07T19:56:35 EET" skipped="0">
  <testcase classname="com.team1.animalproject.integrationtest.RolYetkiRepositoryIT" name="delete" time="0.022"/>
  <system-out/>
  <testcase classname="com.team1.animalproject.integrationtest.RolYetkiRepositoryIT" name="update" time="0.017"/>
  <system-out/>
  <testcase classname="com.team1.animalproject.integrationtest.RolYetkiRepositoryIT" name="getAll" time="0.021"/>
  <system-out/>
  <testcase classname="com.team1.animalproject.integrationtest.RolYetkiRepositoryIT" name="findById" time="0.012"/>
  <system-out/>
  <testcase classname="com.team1.animalproject.integrationtest.RolYetkiRepositoryIT" name="save" time="0.010"/>
  <system-out/>
</testsuite> <!-- com.team1.animalproject.integrationtest.RolYetkiRepositoryIT -->
